<?xml version="1.0" encoding="UTF-8"?>
<coverage generated="1756025676249" clover="3.2.0">
  <project timestamp="1756025676249" name="All files">
    <metrics statements="63" coveredstatements="60" conditionals="49" coveredconditionals="40" methods="15" coveredmethods="15" elements="127" coveredelements="115" complexity="0" loc="63" ncloc="63" packages="2" files="6" classes="6"/>
    <package name="src">
      <metrics statements="23" coveredstatements="22" conditionals="17" coveredconditionals="14" methods="4" coveredmethods="4"/>
      <file name="buildDiff.js" path="/hexlet_projects/frontend-project-46/src/buildDiff.js">
        <metrics statements="12" coveredstatements="12" conditionals="12" coveredconditionals="12" methods="2" coveredmethods="2"/>
        <line num="1" count="1" type="stmt"/>
        <line num="2" count="30" type="stmt"/>
        <line num="4" count="30" type="stmt"/>
        <line num="5" count="108" type="cond" truecount="2" falsecount="0"/>
        <line num="6" count="30" type="stmt"/>
        <line num="8" count="78" type="cond" truecount="2" falsecount="0"/>
        <line num="9" count="12" type="stmt"/>
        <line num="11" count="66" type="cond" truecount="6" falsecount="0"/>
        <line num="13" count="24" type="stmt"/>
        <line num="15" count="42" type="cond" truecount="2" falsecount="0"/>
        <line num="16" count="24" type="stmt"/>
        <line num="18" count="18" type="stmt"/>
      </file>
      <file name="index.js" path="/hexlet_projects/frontend-project-46/src/index.js">
        <metrics statements="4" coveredstatements="4" conditionals="1" coveredconditionals="0" methods="1" coveredmethods="1"/>
        <line num="6" count="6" type="stmt"/>
        <line num="7" count="6" type="stmt"/>
        <line num="8" count="6" type="stmt"/>
        <line num="9" count="6" type="stmt"/>
      </file>
      <file name="parsers.js" path="/hexlet_projects/frontend-project-46/src/parsers.js">
        <metrics statements="7" coveredstatements="6" conditionals="4" coveredconditionals="2" methods="1" coveredmethods="1"/>
        <line num="5" count="1" type="stmt"/>
        <line num="6" count="12" type="stmt"/>
        <line num="7" count="12" type="stmt"/>
        <line num="9" count="12" type="cond" truecount="2" falsecount="2"/>
        <line num="11" count="6" type="stmt"/>
        <line num="14" count="6" type="stmt"/>
        <line num="16" count="0" type="stmt"/>
      </file>
    </package>
    <package name="src.formatters">
      <metrics statements="40" coveredstatements="38" conditionals="32" coveredconditionals="26" methods="11" coveredmethods="11"/>
      <file name="index.js" path="/hexlet_projects/frontend-project-46/src/formatters/index.js">
        <metrics statements="5" coveredstatements="5" conditionals="3" coveredconditionals="2" methods="1" coveredmethods="1"/>
        <line num="4" count="1" type="stmt"/>
        <line num="9" count="1" type="cond" truecount="0" falsecount="1"/>
        <line num="10" count="6" type="cond" truecount="2" falsecount="0"/>
        <line num="11" count="2" type="stmt"/>
        <line num="13" count="4" type="stmt"/>
      </file>
      <file name="plain.js" path="/hexlet_projects/frontend-project-46/src/formatters/plain.js">
        <metrics statements="14" coveredstatements="13" conditionals="14" coveredconditionals="13" methods="4" coveredmethods="4"/>
        <line num="2" count="26" type="cond" truecount="2" falsecount="0"/>
        <line num="3" count="24" type="cond" truecount="2" falsecount="0"/>
        <line num="4" count="18" type="cond" truecount="2" falsecount="0"/>
        <line num="5" count="4" type="stmt"/>
        <line num="9" count="10" type="stmt"/>
        <line num="10" count="36" type="stmt"/>
        <line num="12" count="30" type="cond" truecount="2" falsecount="0"/>
        <line num="13" count="30" type="cond" truecount="4" falsecount="1"/>
        <line num="15" count="10" type="stmt"/>
        <line num="17" count="4" type="stmt"/>
        <line num="19" count="8" type="stmt"/>
        <line num="21" count="8" type="stmt"/>
        <line num="23" count="0" type="stmt"/>
        <line num="27" count="10" type="stmt"/>
      </file>
      <file name="stylish.js" path="/hexlet_projects/frontend-project-46/src/formatters/stylish.js">
        <metrics statements="21" coveredstatements="20" conditionals="15" coveredconditionals="11" methods="6" coveredmethods="6"/>
        <line num="1" count="36" type="cond" truecount="0" falsecount="1"/>
        <line num="3" count="10" type="cond" truecount="0" falsecount="1"/>
        <line num="5" count="1" type="cond" truecount="0" falsecount="1"/>
        <line num="6" count="54" type="cond" truecount="4" falsecount="0"/>
        <line num="8" count="14" type="stmt"/>
        <line num="9" count="14" type="stmt"/>
        <line num="11" count="14" type="stmt"/>
        <line num="12" count="18" type="stmt"/>
        <line num="15" count="14" type="stmt"/>
        <line num="18" count="1" type="cond" truecount="2" falsecount="0"/>
        <line num="19" count="10" type="stmt"/>
        <line num="20" count="36" type="stmt"/>
        <line num="21" count="36" type="stmt"/>
        <line num="23" count="36" type="cond" truecount="5" falsecount="1"/>
        <line num="25" count="10" type="stmt"/>
        <line num="27" count="4" type="stmt"/>
        <line num="29" count="8" type="stmt"/>
        <line num="34" count="6" type="stmt"/>
        <line num="36" count="8" type="stmt"/>
        <line num="38" count="0" type="stmt"/>
        <line num="42" count="10" type="stmt"/>
      </file>
    </package>
  </project>
</coverage>
