{"/hexlet_projects/frontend-project-46/src/buildDiff.js": {"path":"/hexlet_projects/frontend-project-46/src/buildDiff.js","all":false,"statementMap":{"0":{"start":{"line":1,"column":0},"end":{"line":1,"column":35}},"1":{"start":{"line":2,"column":0},"end":{"line":2,"column":80}},"2":{"start":{"line":3,"column":0},"end":{"line":3,"column":0}},"3":{"start":{"line":4,"column":0},"end":{"line":4,"column":28}},"4":{"start":{"line":5,"column":0},"end":{"line":5,"column":36}},"5":{"start":{"line":6,"column":0},"end":{"line":6,"column":53}},"6":{"start":{"line":7,"column":0},"end":{"line":7,"column":5}},"7":{"start":{"line":8,"column":0},"end":{"line":8,"column":36}},"8":{"start":{"line":9,"column":0},"end":{"line":9,"column":55}},"9":{"start":{"line":10,"column":0},"end":{"line":10,"column":5}},"10":{"start":{"line":11,"column":0},"end":{"line":11,"column":59}},"11":{"start":{"line":12,"column":0},"end":{"line":12,"column":63}},"12":{"start":{"line":13,"column":0},"end":{"line":13,"column":79}},"13":{"start":{"line":14,"column":0},"end":{"line":14,"column":5}},"14":{"start":{"line":15,"column":0},"end":{"line":15,"column":34}},"15":{"start":{"line":16,"column":0},"end":{"line":16,"column":79}},"16":{"start":{"line":17,"column":0},"end":{"line":17,"column":5}},"17":{"start":{"line":18,"column":0},"end":{"line":18,"column":55}},"18":{"start":{"line":19,"column":0},"end":{"line":19,"column":4}},"19":{"start":{"line":20,"column":0},"end":{"line":20,"column":1}},"20":{"start":{"line":21,"column":0},"end":{"line":21,"column":0}},"21":{"start":{"line":22,"column":0},"end":{"line":22,"column":24}}},"s":{"0":1,"1":30,"2":30,"3":30,"4":108,"5":30,"6":30,"7":108,"8":12,"9":12,"10":108,"11":108,"12":24,"13":24,"14":108,"15":24,"16":24,"17":18,"18":30,"19":30,"20":1,"21":1},"branchMap":{"0":{"type":"branch","line":1,"loc":{"start":{"line":1,"column":18},"end":{"line":20,"column":1}},"locations":[{"start":{"line":1,"column":18},"end":{"line":20,"column":1}}]},"1":{"type":"branch","line":4,"loc":{"start":{"line":4,"column":19},"end":{"line":19,"column":3}},"locations":[{"start":{"line":4,"column":19},"end":{"line":19,"column":3}}]},"2":{"type":"branch","line":5,"loc":{"start":{"line":5,"column":35},"end":{"line":7,"column":5}},"locations":[{"start":{"line":5,"column":35},"end":{"line":7,"column":5}}]},"3":{"type":"branch","line":7,"loc":{"start":{"line":7,"column":4},"end":{"line":8,"column":35}},"locations":[{"start":{"line":7,"column":4},"end":{"line":8,"column":35}}]},"4":{"type":"branch","line":8,"loc":{"start":{"line":8,"column":35},"end":{"line":10,"column":5}},"locations":[{"start":{"line":8,"column":35},"end":{"line":10,"column":5}}]},"5":{"type":"branch","line":10,"loc":{"start":{"line":10,"column":4},"end":{"line":11,"column":41}},"locations":[{"start":{"line":10,"column":4},"end":{"line":11,"column":41}}]},"6":{"type":"branch","line":11,"loc":{"start":{"line":11,"column":37},"end":{"line":11,"column":59}},"locations":[{"start":{"line":11,"column":37},"end":{"line":11,"column":59}}]},"7":{"type":"branch","line":12,"loc":{"start":{"line":12,"column":-1},"end":{"line":12,"column":38}},"locations":[{"start":{"line":12,"column":-1},"end":{"line":12,"column":38}}]},"8":{"type":"branch","line":12,"loc":{"start":{"line":12,"column":38},"end":{"line":12,"column":60}},"locations":[{"start":{"line":12,"column":38},"end":{"line":12,"column":60}}]},"9":{"type":"branch","line":12,"loc":{"start":{"line":12,"column":62},"end":{"line":14,"column":5}},"locations":[{"start":{"line":12,"column":62},"end":{"line":14,"column":5}}]},"10":{"type":"branch","line":14,"loc":{"start":{"line":14,"column":4},"end":{"line":15,"column":33}},"locations":[{"start":{"line":14,"column":4},"end":{"line":15,"column":33}}]},"11":{"type":"branch","line":15,"loc":{"start":{"line":15,"column":33},"end":{"line":17,"column":5}},"locations":[{"start":{"line":15,"column":33},"end":{"line":17,"column":5}}]},"12":{"type":"branch","line":17,"loc":{"start":{"line":17,"column":4},"end":{"line":19,"column":3}},"locations":[{"start":{"line":17,"column":4},"end":{"line":19,"column":3}}]}},"b":{"0":[30],"1":[108],"2":[30],"3":[78],"4":[12],"5":[66],"6":[30],"7":[30],"8":[24],"9":[24],"10":[42],"11":[24],"12":[18]},"fnMap":{"0":{"name":"buildDiff","decl":{"start":{"line":1,"column":18},"end":{"line":20,"column":1}},"loc":{"start":{"line":1,"column":18},"end":{"line":20,"column":1}},"line":1}},"f":{"0":30}}
,"/hexlet_projects/frontend-project-46/src/index.js": {"path":"/hexlet_projects/frontend-project-46/src/index.js","all":false,"statementMap":{"0":{"start":{"line":1,"column":0},"end":{"line":1,"column":36}},"1":{"start":{"line":2,"column":0},"end":{"line":2,"column":38}},"2":{"start":{"line":3,"column":0},"end":{"line":3,"column":42}},"3":{"start":{"line":4,"column":0},"end":{"line":4,"column":0}},"4":{"start":{"line":5,"column":0},"end":{"line":5,"column":64}},"5":{"start":{"line":6,"column":0},"end":{"line":6,"column":36}},"6":{"start":{"line":7,"column":0},"end":{"line":7,"column":36}},"7":{"start":{"line":8,"column":0},"end":{"line":8,"column":38}},"8":{"start":{"line":9,"column":0},"end":{"line":9,"column":33}},"9":{"start":{"line":10,"column":0},"end":{"line":10,"column":2}},"10":{"start":{"line":11,"column":0},"end":{"line":11,"column":0}},"11":{"start":{"line":12,"column":0},"end":{"line":12,"column":22}}},"s":{"0":1,"1":1,"2":1,"3":1,"4":6,"5":6,"6":6,"7":6,"8":6,"9":1,"10":1,"11":1},"branchMap":{"0":{"type":"branch","line":5,"loc":{"start":{"line":5,"column":0},"end":{"line":10,"column":1}},"locations":[{"start":{"line":5,"column":0},"end":{"line":10,"column":1}}]}},"b":{"0":[6]},"fnMap":{"0":{"name":"genDiff","decl":{"start":{"line":5,"column":0},"end":{"line":10,"column":1}},"loc":{"start":{"line":5,"column":0},"end":{"line":10,"column":1}},"line":5}},"f":{"0":6}}
,"/hexlet_projects/frontend-project-46/src/parsers.js": {"path":"/hexlet_projects/frontend-project-46/src/parsers.js","all":false,"statementMap":{"0":{"start":{"line":1,"column":0},"end":{"line":1,"column":19}},"1":{"start":{"line":2,"column":0},"end":{"line":2,"column":23}},"2":{"start":{"line":3,"column":0},"end":{"line":3,"column":26}},"3":{"start":{"line":4,"column":0},"end":{"line":4,"column":0}},"4":{"start":{"line":5,"column":0},"end":{"line":5,"column":33}},"5":{"start":{"line":6,"column":0},"end":{"line":6,"column":52}},"6":{"start":{"line":7,"column":0},"end":{"line":7,"column":56}},"7":{"start":{"line":8,"column":0},"end":{"line":8,"column":0}},"8":{"start":{"line":9,"column":0},"end":{"line":9,"column":22}},"9":{"start":{"line":10,"column":0},"end":{"line":10,"column":17}},"10":{"start":{"line":11,"column":0},"end":{"line":11,"column":32}},"11":{"start":{"line":12,"column":0},"end":{"line":12,"column":16}},"12":{"start":{"line":13,"column":0},"end":{"line":13,"column":17}},"13":{"start":{"line":14,"column":0},"end":{"line":14,"column":31}},"14":{"start":{"line":15,"column":0},"end":{"line":15,"column":12}},"15":{"start":{"line":16,"column":0},"end":{"line":16,"column":65}},"16":{"start":{"line":17,"column":0},"end":{"line":17,"column":3}},"17":{"start":{"line":18,"column":0},"end":{"line":18,"column":1}},"18":{"start":{"line":19,"column":0},"end":{"line":19,"column":0}},"19":{"start":{"line":20,"column":0},"end":{"line":20,"column":24}}},"s":{"0":1,"1":1,"2":1,"3":1,"4":1,"5":12,"6":12,"7":12,"8":12,"9":12,"10":6,"11":12,"12":12,"13":6,"14":12,"15":0,"16":12,"17":12,"18":1,"19":1},"branchMap":{"0":{"type":"branch","line":5,"loc":{"start":{"line":5,"column":19},"end":{"line":18,"column":1}},"locations":[{"start":{"line":5,"column":19},"end":{"line":18,"column":1}}]},"1":{"type":"branch","line":10,"loc":{"start":{"line":10,"column":4},"end":{"line":11,"column":32}},"locations":[{"start":{"line":10,"column":4},"end":{"line":11,"column":32}}]},"2":{"type":"branch","line":12,"loc":{"start":{"line":12,"column":4},"end":{"line":12,"column":16}},"locations":[{"start":{"line":12,"column":4},"end":{"line":12,"column":16}}]},"3":{"type":"branch","line":13,"loc":{"start":{"line":13,"column":4},"end":{"line":14,"column":31}},"locations":[{"start":{"line":13,"column":4},"end":{"line":14,"column":31}}]},"4":{"type":"branch","line":15,"loc":{"start":{"line":15,"column":4},"end":{"line":16,"column":65}},"locations":[{"start":{"line":15,"column":4},"end":{"line":16,"column":65}}]}},"b":{"0":[12],"1":[6],"2":[0],"3":[6],"4":[0]},"fnMap":{"0":{"name":"parseFile","decl":{"start":{"line":5,"column":19},"end":{"line":18,"column":1}},"loc":{"start":{"line":5,"column":19},"end":{"line":18,"column":1}},"line":5}},"f":{"0":12}}
,"/hexlet_projects/frontend-project-46/src/formatters/index.js": {"path":"/hexlet_projects/frontend-project-46/src/formatters/index.js","all":false,"statementMap":{"0":{"start":{"line":1,"column":0},"end":{"line":1,"column":34}},"1":{"start":{"line":2,"column":0},"end":{"line":2,"column":30}},"2":{"start":{"line":3,"column":0},"end":{"line":3,"column":0}},"3":{"start":{"line":4,"column":0},"end":{"line":4,"column":20}},"4":{"start":{"line":5,"column":0},"end":{"line":5,"column":10}},"5":{"start":{"line":6,"column":0},"end":{"line":6,"column":8}},"6":{"start":{"line":7,"column":0},"end":{"line":7,"column":1}},"7":{"start":{"line":8,"column":0},"end":{"line":8,"column":0}},"8":{"start":{"line":9,"column":0},"end":{"line":9,"column":45}},"9":{"start":{"line":10,"column":0},"end":{"line":10,"column":25}},"10":{"start":{"line":11,"column":0},"end":{"line":11,"column":31}},"11":{"start":{"line":12,"column":0},"end":{"line":12,"column":3}},"12":{"start":{"line":13,"column":0},"end":{"line":13,"column":32}},"13":{"start":{"line":14,"column":0},"end":{"line":14,"column":1}},"14":{"start":{"line":15,"column":0},"end":{"line":15,"column":0}},"15":{"start":{"line":16,"column":0},"end":{"line":16,"column":21}}},"s":{"0":1,"1":1,"2":1,"3":1,"4":1,"5":1,"6":1,"7":1,"8":1,"9":6,"10":2,"11":2,"12":4,"13":4,"14":1,"15":1},"branchMap":{"0":{"type":"branch","line":9,"loc":{"start":{"line":9,"column":15},"end":{"line":14,"column":1}},"locations":[{"start":{"line":9,"column":15},"end":{"line":14,"column":1}}]},"1":{"type":"branch","line":10,"loc":{"start":{"line":10,"column":24},"end":{"line":12,"column":3}},"locations":[{"start":{"line":10,"column":24},"end":{"line":12,"column":3}}]},"2":{"type":"branch","line":12,"loc":{"start":{"line":12,"column":2},"end":{"line":14,"column":1}},"locations":[{"start":{"line":12,"column":2},"end":{"line":14,"column":1}}]}},"b":{"0":[6],"1":[2],"2":[4]},"fnMap":{"0":{"name":"format","decl":{"start":{"line":9,"column":15},"end":{"line":14,"column":1}},"loc":{"start":{"line":9,"column":15},"end":{"line":14,"column":1}},"line":9}},"f":{"0":6}}
,"/hexlet_projects/frontend-project-46/src/formatters/plain.js": {"path":"/hexlet_projects/frontend-project-46/src/formatters/plain.js","all":false,"statementMap":{"0":{"start":{"line":1,"column":0},"end":{"line":1,"column":29}},"1":{"start":{"line":2,"column":0},"end":{"line":2,"column":35}},"2":{"start":{"line":3,"column":0},"end":{"line":3,"column":57}},"3":{"start":{"line":4,"column":0},"end":{"line":4,"column":52}},"4":{"start":{"line":5,"column":0},"end":{"line":5,"column":22}},"5":{"start":{"line":6,"column":0},"end":{"line":6,"column":2}},"6":{"start":{"line":7,"column":0},"end":{"line":7,"column":0}},"7":{"start":{"line":8,"column":0},"end":{"line":8,"column":33}},"8":{"start":{"line":9,"column":0},"end":{"line":9,"column":20}},"9":{"start":{"line":10,"column":0},"end":{"line":10,"column":46}},"10":{"start":{"line":11,"column":0},"end":{"line":11,"column":20}},"11":{"start":{"line":12,"column":0},"end":{"line":12,"column":62}},"12":{"start":{"line":13,"column":0},"end":{"line":13,"column":26}},"13":{"start":{"line":14,"column":0},"end":{"line":14,"column":21}},"14":{"start":{"line":15,"column":0},"end":{"line":15,"column":90}},"15":{"start":{"line":16,"column":0},"end":{"line":16,"column":23}},"16":{"start":{"line":17,"column":0},"end":{"line":17,"column":53}},"17":{"start":{"line":18,"column":0},"end":{"line":18,"column":23}},"18":{"start":{"line":19,"column":0},"end":{"line":19,"column":122}},"19":{"start":{"line":20,"column":0},"end":{"line":20,"column":22}},"20":{"start":{"line":21,"column":0},"end":{"line":21,"column":47}},"21":{"start":{"line":22,"column":0},"end":{"line":22,"column":16}},"22":{"start":{"line":23,"column":0},"end":{"line":23,"column":55}},"23":{"start":{"line":24,"column":0},"end":{"line":24,"column":7}},"24":{"start":{"line":25,"column":0},"end":{"line":25,"column":6}},"25":{"start":{"line":26,"column":0},"end":{"line":26,"column":0}},"26":{"start":{"line":27,"column":0},"end":{"line":27,"column":25}},"27":{"start":{"line":28,"column":0},"end":{"line":28,"column":2}},"28":{"start":{"line":29,"column":0},"end":{"line":29,"column":0}},"29":{"start":{"line":30,"column":0},"end":{"line":30,"column":20}}},"s":{"0":26,"1":26,"2":26,"3":26,"4":4,"5":1,"6":1,"7":10,"8":10,"9":10,"10":10,"11":30,"12":30,"13":30,"14":10,"15":30,"16":4,"17":30,"18":8,"19":30,"20":8,"21":30,"22":0,"23":30,"24":10,"25":10,"26":10,"27":1,"28":1,"29":1},"branchMap":{"0":{"type":"branch","line":1,"loc":{"start":{"line":1,"column":0},"end":{"line":6,"column":1}},"locations":[{"start":{"line":1,"column":0},"end":{"line":6,"column":1}}]},"1":{"type":"branch","line":2,"loc":{"start":{"line":2,"column":22},"end":{"line":2,"column":35}},"locations":[{"start":{"line":2,"column":22},"end":{"line":2,"column":35}}]},"2":{"type":"branch","line":3,"loc":{"start":{"line":3,"column":-1},"end":{"line":3,"column":33}},"locations":[{"start":{"line":3,"column":-1},"end":{"line":3,"column":33}}]},"3":{"type":"branch","line":3,"loc":{"start":{"line":3,"column":33},"end":{"line":3,"column":57}},"locations":[{"start":{"line":3,"column":33},"end":{"line":3,"column":57}}]},"4":{"type":"branch","line":4,"loc":{"start":{"line":4,"column":-1},"end":{"line":4,"column":33}},"locations":[{"start":{"line":4,"column":-1},"end":{"line":4,"column":33}}]},"5":{"type":"branch","line":4,"loc":{"start":{"line":4,"column":33},"end":{"line":4,"column":52}},"locations":[{"start":{"line":4,"column":33},"end":{"line":4,"column":52}}]},"6":{"type":"branch","line":5,"loc":{"start":{"line":5,"column":-1},"end":{"line":6,"column":1}},"locations":[{"start":{"line":5,"column":-1},"end":{"line":6,"column":1}}]},"7":{"type":"branch","line":8,"loc":{"start":{"line":8,"column":0},"end":{"line":28,"column":1}},"locations":[{"start":{"line":8,"column":0},"end":{"line":28,"column":1}}]},"8":{"type":"branch","line":10,"loc":{"start":{"line":10,"column":12},"end":{"line":10,"column":45}},"locations":[{"start":{"line":10,"column":12},"end":{"line":10,"column":45}}]},"9":{"type":"branch","line":11,"loc":{"start":{"line":11,"column":10},"end":{"line":25,"column":5}},"locations":[{"start":{"line":11,"column":10},"end":{"line":25,"column":5}}]},"10":{"type":"branch","line":12,"loc":{"start":{"line":12,"column":27},"end":{"line":12,"column":51}},"locations":[{"start":{"line":12,"column":27},"end":{"line":12,"column":51}}]},"11":{"type":"branch","line":12,"loc":{"start":{"line":12,"column":51},"end":{"line":12,"column":62}},"locations":[{"start":{"line":12,"column":51},"end":{"line":12,"column":62}}]},"12":{"type":"branch","line":14,"loc":{"start":{"line":14,"column":8},"end":{"line":15,"column":90}},"locations":[{"start":{"line":14,"column":8},"end":{"line":15,"column":90}}]},"13":{"type":"branch","line":16,"loc":{"start":{"line":16,"column":8},"end":{"line":17,"column":53}},"locations":[{"start":{"line":16,"column":8},"end":{"line":17,"column":53}}]},"14":{"type":"branch","line":18,"loc":{"start":{"line":18,"column":8},"end":{"line":19,"column":122}},"locations":[{"start":{"line":18,"column":8},"end":{"line":19,"column":122}}]},"15":{"type":"branch","line":20,"loc":{"start":{"line":20,"column":8},"end":{"line":21,"column":47}},"locations":[{"start":{"line":20,"column":8},"end":{"line":21,"column":47}}]},"16":{"type":"branch","line":22,"loc":{"start":{"line":22,"column":8},"end":{"line":23,"column":55}},"locations":[{"start":{"line":22,"column":8},"end":{"line":23,"column":55}}]}},"b":{"0":[26],"1":[2],"2":[24],"3":[6],"4":[18],"5":[14],"6":[4],"7":[10],"8":[36],"9":[30],"10":[22],"11":[8],"12":[10],"13":[4],"14":[8],"15":[8],"16":[0]},"fnMap":{"0":{"name":"formatValue","decl":{"start":{"line":1,"column":0},"end":{"line":6,"column":1}},"loc":{"start":{"line":1,"column":0},"end":{"line":6,"column":1}},"line":1},"1":{"name":"plain","decl":{"start":{"line":8,"column":0},"end":{"line":28,"column":1}},"loc":{"start":{"line":8,"column":0},"end":{"line":28,"column":1}},"line":8}},"f":{"0":26,"1":10}}
,"/hexlet_projects/frontend-project-46/src/formatters/stylish.js": {"path":"/hexlet_projects/frontend-project-46/src/formatters/stylish.js","all":false,"statementMap":{"0":{"start":{"line":1,"column":0},"end":{"line":1,"column":74}},"1":{"start":{"line":2,"column":0},"end":{"line":2,"column":0}},"2":{"start":{"line":3,"column":0},"end":{"line":3,"column":82}},"3":{"start":{"line":4,"column":0},"end":{"line":4,"column":0}},"4":{"start":{"line":5,"column":0},"end":{"line":5,"column":48}},"5":{"start":{"line":6,"column":0},"end":{"line":6,"column":68}},"6":{"start":{"line":7,"column":0},"end":{"line":7,"column":0}},"7":{"start":{"line":8,"column":0},"end":{"line":8,"column":54}},"8":{"start":{"line":9,"column":0},"end":{"line":9,"column":50}},"9":{"start":{"line":10,"column":0},"end":{"line":10,"column":0}},"10":{"start":{"line":11,"column":0},"end":{"line":11,"column":41}},"11":{"start":{"line":12,"column":0},"end":{"line":12,"column":81}},"12":{"start":{"line":13,"column":0},"end":{"line":13,"column":3}},"13":{"start":{"line":14,"column":0},"end":{"line":14,"column":0}},"14":{"start":{"line":15,"column":0},"end":{"line":15,"column":52}},"15":{"start":{"line":16,"column":0},"end":{"line":16,"column":1}},"16":{"start":{"line":17,"column":0},"end":{"line":17,"column":0}},"17":{"start":{"line":18,"column":0},"end":{"line":18,"column":50}},"18":{"start":{"line":19,"column":0},"end":{"line":19,"column":40}},"19":{"start":{"line":20,"column":0},"end":{"line":20,"column":67}},"20":{"start":{"line":21,"column":0},"end":{"line":21,"column":43}},"21":{"start":{"line":22,"column":0},"end":{"line":22,"column":0}},"22":{"start":{"line":23,"column":0},"end":{"line":23,"column":19}},"23":{"start":{"line":24,"column":0},"end":{"line":24,"column":19}},"24":{"start":{"line":25,"column":0},"end":{"line":25,"column":67}},"25":{"start":{"line":26,"column":0},"end":{"line":26,"column":21}},"26":{"start":{"line":27,"column":0},"end":{"line":27,"column":67}},"27":{"start":{"line":28,"column":0},"end":{"line":28,"column":21}},"28":{"start":{"line":29,"column":0},"end":{"line":29,"column":16}},"29":{"start":{"line":30,"column":0},"end":{"line":30,"column":66}},"30":{"start":{"line":31,"column":0},"end":{"line":31,"column":66}},"31":{"start":{"line":32,"column":0},"end":{"line":32,"column":9}},"32":{"start":{"line":33,"column":0},"end":{"line":33,"column":23}},"33":{"start":{"line":34,"column":0},"end":{"line":34,"column":67}},"34":{"start":{"line":35,"column":0},"end":{"line":35,"column":20}},"35":{"start":{"line":36,"column":0},"end":{"line":36,"column":72}},"36":{"start":{"line":37,"column":0},"end":{"line":37,"column":14}},"37":{"start":{"line":38,"column":0},"end":{"line":38,"column":48}},"38":{"start":{"line":39,"column":0},"end":{"line":39,"column":5}},"39":{"start":{"line":40,"column":0},"end":{"line":40,"column":4}},"40":{"start":{"line":41,"column":0},"end":{"line":41,"column":0}},"41":{"start":{"line":42,"column":0},"end":{"line":42,"column":72}},"42":{"start":{"line":43,"column":0},"end":{"line":43,"column":1}},"43":{"start":{"line":44,"column":0},"end":{"line":44,"column":0}},"44":{"start":{"line":45,"column":0},"end":{"line":45,"column":22}}},"s":{"0":1,"1":1,"2":1,"3":1,"4":1,"5":54,"6":14,"7":14,"8":14,"9":14,"10":14,"11":14,"12":14,"13":14,"14":14,"15":14,"16":1,"17":1,"18":10,"19":36,"20":36,"21":36,"22":36,"23":36,"24":10,"25":36,"26":4,"27":36,"28":8,"29":8,"30":8,"31":8,"32":36,"33":6,"34":36,"35":8,"36":36,"37":0,"38":36,"39":10,"40":10,"41":10,"42":10,"43":1,"44":1},"branchMap":{"0":{"type":"branch","line":1,"loc":{"start":{"line":1,"column":21},"end":{"line":1,"column":74}},"locations":[{"start":{"line":1,"column":21},"end":{"line":1,"column":74}}]},"1":{"type":"branch","line":3,"loc":{"start":{"line":3,"column":27},"end":{"line":3,"column":82}},"locations":[{"start":{"line":3,"column":27},"end":{"line":3,"column":82}}]},"2":{"type":"branch","line":5,"loc":{"start":{"line":5,"column":18},"end":{"line":16,"column":1}},"locations":[{"start":{"line":5,"column":18},"end":{"line":16,"column":1}}]},"3":{"type":"branch","line":6,"loc":{"start":{"line":6,"column":30},"end":{"line":6,"column":47}},"locations":[{"start":{"line":6,"column":30},"end":{"line":6,"column":47}}]},"4":{"type":"branch","line":6,"loc":{"start":{"line":6,"column":49},"end":{"line":6,"column":68}},"locations":[{"start":{"line":6,"column":49},"end":{"line":6,"column":68}}]},"5":{"type":"branch","line":7,"loc":{"start":{"line":7,"column":-1},"end":{"line":16,"column":1}},"locations":[{"start":{"line":7,"column":-1},"end":{"line":16,"column":1}}]},"6":{"type":"branch","line":12,"loc":{"start":{"line":12,"column":4},"end":{"line":12,"column":81}},"locations":[{"start":{"line":12,"column":4},"end":{"line":12,"column":81}}]},"7":{"type":"branch","line":18,"loc":{"start":{"line":18,"column":16},"end":{"line":43,"column":1}},"locations":[{"start":{"line":18,"column":16},"end":{"line":43,"column":1}}]},"8":{"type":"branch","line":19,"loc":{"start":{"line":19,"column":30},"end":{"line":40,"column":3}},"locations":[{"start":{"line":19,"column":30},"end":{"line":40,"column":3}}]},"9":{"type":"branch","line":24,"loc":{"start":{"line":24,"column":6},"end":{"line":25,"column":67}},"locations":[{"start":{"line":24,"column":6},"end":{"line":25,"column":67}}]},"10":{"type":"branch","line":26,"loc":{"start":{"line":26,"column":6},"end":{"line":27,"column":67}},"locations":[{"start":{"line":26,"column":6},"end":{"line":27,"column":67}}]},"11":{"type":"branch","line":28,"loc":{"start":{"line":28,"column":6},"end":{"line":32,"column":9}},"locations":[{"start":{"line":28,"column":6},"end":{"line":32,"column":9}}]},"12":{"type":"branch","line":33,"loc":{"start":{"line":33,"column":6},"end":{"line":34,"column":67}},"locations":[{"start":{"line":33,"column":6},"end":{"line":34,"column":67}}]},"13":{"type":"branch","line":35,"loc":{"start":{"line":35,"column":6},"end":{"line":36,"column":72}},"locations":[{"start":{"line":35,"column":6},"end":{"line":36,"column":72}}]},"14":{"type":"branch","line":37,"loc":{"start":{"line":37,"column":6},"end":{"line":38,"column":48}},"locations":[{"start":{"line":37,"column":6},"end":{"line":38,"column":48}}]}},"b":{"0":[36],"1":[10],"2":[54],"3":[16],"4":[40],"5":[14],"6":[18],"7":[10],"8":[36],"9":[10],"10":[4],"11":[8],"12":[6],"13":[8],"14":[0]},"fnMap":{"0":{"name":"markerIndent","decl":{"start":{"line":1,"column":21},"end":{"line":1,"column":74}},"loc":{"start":{"line":1,"column":21},"end":{"line":1,"column":74}},"line":1},"1":{"name":"blockClosingIndent","decl":{"start":{"line":3,"column":27},"end":{"line":3,"column":82}},"loc":{"start":{"line":3,"column":27},"end":{"line":3,"column":82}},"line":3},"2":{"name":"stringify","decl":{"start":{"line":5,"column":18},"end":{"line":16,"column":1}},"loc":{"start":{"line":5,"column":18},"end":{"line":16,"column":1}},"line":5},"3":{"name":"stylish","decl":{"start":{"line":18,"column":16},"end":{"line":43,"column":1}},"loc":{"start":{"line":18,"column":16},"end":{"line":43,"column":1}},"line":18}},"f":{"0":36,"1":10,"2":54,"3":10}}
}
