{"/hexlet_projects/frontend-project-46/src/buildDiff.js": {"path":"/hexlet_projects/frontend-project-46/src/buildDiff.js","statementMap":{"0":{"start":{"line":1,"column":18},"end":{"line":20,"column":1}},"1":{"start":{"line":2,"column":15},"end":{"line":2,"column":80}},"2":{"start":{"line":4,"column":2},"end":{"line":19,"column":4}},"3":{"start":{"line":5,"column":4},"end":{"line":7,"column":5}},"4":{"start":{"line":6,"column":6},"end":{"line":6,"column":53}},"5":{"start":{"line":8,"column":4},"end":{"line":10,"column":5}},"6":{"start":{"line":9,"column":6},"end":{"line":9,"column":55}},"7":{"start":{"line":11,"column":4},"end":{"line":14,"column":5}},"8":{"start":{"line":13,"column":6},"end":{"line":13,"column":79}},"9":{"start":{"line":15,"column":4},"end":{"line":17,"column":5}},"10":{"start":{"line":16,"column":6},"end":{"line":16,"column":79}},"11":{"start":{"line":18,"column":4},"end":{"line":18,"column":55}}},"fnMap":{"0":{"name":"(anonymous_0)","decl":{"start":{"line":1,"column":18},"end":{"line":1,"column":19}},"loc":{"start":{"line":1,"column":34},"end":{"line":20,"column":1}},"line":1},"1":{"name":"(anonymous_1)","decl":{"start":{"line":4,"column":18},"end":{"line":4,"column":19}},"loc":{"start":{"line":4,"column":27},"end":{"line":19,"column":3}},"line":4}},"branchMap":{"0":{"loc":{"start":{"line":5,"column":4},"end":{"line":7,"column":5}},"type":"if","locations":[{"start":{"line":5,"column":4},"end":{"line":7,"column":5}},{"start":{},"end":{}}],"line":5},"1":{"loc":{"start":{"line":8,"column":4},"end":{"line":10,"column":5}},"type":"if","locations":[{"start":{"line":8,"column":4},"end":{"line":10,"column":5}},{"start":{},"end":{}}],"line":8},"2":{"loc":{"start":{"line":11,"column":4},"end":{"line":14,"column":5}},"type":"if","locations":[{"start":{"line":11,"column":4},"end":{"line":14,"column":5}},{"start":{},"end":{}}],"line":11},"3":{"loc":{"start":{"line":11,"column":8},"end":{"line":12,"column":60}},"type":"binary-expr","locations":[{"start":{"line":11,"column":8},"end":{"line":11,"column":37}},{"start":{"line":11,"column":41},"end":{"line":11,"column":59}},{"start":{"line":12,"column":9},"end":{"line":12,"column":38}},{"start":{"line":12,"column":42},"end":{"line":12,"column":60}}],"line":11},"4":{"loc":{"start":{"line":15,"column":4},"end":{"line":17,"column":5}},"type":"if","locations":[{"start":{"line":15,"column":4},"end":{"line":17,"column":5}},{"start":{},"end":{}}],"line":15}},"s":{"0":1,"1":30,"2":30,"3":108,"4":30,"5":78,"6":12,"7":66,"8":24,"9":42,"10":24,"11":18},"f":{"0":30,"1":108},"b":{"0":[30,78],"1":[12,66],"2":[24,42],"3":[66,30,30,24],"4":[24,18]},"_coverageSchema":"1a1c01bbd47fc00a2c39e90264f33305004495a9","hash":"d4b6d50a8e82b3609ed632382bb4fac35622d949"}
,"/hexlet_projects/frontend-project-46/src/index.js": {"path":"/hexlet_projects/frontend-project-46/src/index.js","statementMap":{"0":{"start":{"line":6,"column":16},"end":{"line":6,"column":36}},"1":{"start":{"line":7,"column":16},"end":{"line":7,"column":36}},"2":{"start":{"line":8,"column":15},"end":{"line":8,"column":38}},"3":{"start":{"line":9,"column":2},"end":{"line":9,"column":33}}},"fnMap":{"0":{"name":"genDiff","decl":{"start":{"line":5,"column":9},"end":{"line":5,"column":16}},"loc":{"start":{"line":5,"column":63},"end":{"line":10,"column":1}},"line":5}},"branchMap":{"0":{"loc":{"start":{"line":5,"column":39},"end":{"line":5,"column":61}},"type":"default-arg","locations":[{"start":{"line":5,"column":52},"end":{"line":5,"column":61}}],"line":5}},"s":{"0":6,"1":6,"2":6,"3":6},"f":{"0":6},"b":{"0":[0]},"_coverageSchema":"1a1c01bbd47fc00a2c39e90264f33305004495a9","hash":"fa352d1412fd1cd5d2e7ff62f245898924fb5e8a"}
,"/hexlet_projects/frontend-project-46/src/parsers.js": {"path":"/hexlet_projects/frontend-project-46/src/parsers.js","statementMap":{"0":{"start":{"line":5,"column":18},"end":{"line":18,"column":1}},"1":{"start":{"line":6,"column":18},"end":{"line":6,"column":52}},"2":{"start":{"line":7,"column":20},"end":{"line":7,"column":56}},"3":{"start":{"line":9,"column":2},"end":{"line":17,"column":3}},"4":{"start":{"line":11,"column":6},"end":{"line":11,"column":32}},"5":{"start":{"line":14,"column":6},"end":{"line":14,"column":31}},"6":{"start":{"line":16,"column":6},"end":{"line":16,"column":65}}},"fnMap":{"0":{"name":"(anonymous_0)","decl":{"start":{"line":5,"column":18},"end":{"line":5,"column":19}},"loc":{"start":{"line":5,"column":32},"end":{"line":18,"column":1}},"line":5}},"branchMap":{"0":{"loc":{"start":{"line":9,"column":2},"end":{"line":17,"column":3}},"type":"switch","locations":[{"start":{"line":10,"column":4},"end":{"line":11,"column":32}},{"start":{"line":12,"column":4},"end":{"line":12,"column":16}},{"start":{"line":13,"column":4},"end":{"line":14,"column":31}},{"start":{"line":15,"column":4},"end":{"line":16,"column":65}}],"line":9}},"s":{"0":1,"1":12,"2":12,"3":12,"4":6,"5":6,"6":0},"f":{"0":12},"b":{"0":[6,0,6,0]},"_coverageSchema":"1a1c01bbd47fc00a2c39e90264f33305004495a9","hash":"a57738d183d638b02b0c6072cad39feb17d0446c"}
,"/hexlet_projects/frontend-project-46/src/formatters/index.js": {"path":"/hexlet_projects/frontend-project-46/src/formatters/index.js","statementMap":{"0":{"start":{"line":4,"column":19},"end":{"line":7,"column":1}},"1":{"start":{"line":9,"column":15},"end":{"line":14,"column":1}},"2":{"start":{"line":10,"column":2},"end":{"line":12,"column":3}},"3":{"start":{"line":11,"column":4},"end":{"line":11,"column":31}},"4":{"start":{"line":13,"column":2},"end":{"line":13,"column":32}}},"fnMap":{"0":{"name":"(anonymous_0)","decl":{"start":{"line":9,"column":15},"end":{"line":9,"column":16}},"loc":{"start":{"line":9,"column":44},"end":{"line":14,"column":1}},"line":9}},"branchMap":{"0":{"loc":{"start":{"line":9,"column":22},"end":{"line":9,"column":39}},"type":"default-arg","locations":[{"start":{"line":9,"column":30},"end":{"line":9,"column":39}}],"line":9},"1":{"loc":{"start":{"line":10,"column":2},"end":{"line":12,"column":3}},"type":"if","locations":[{"start":{"line":10,"column":2},"end":{"line":12,"column":3}},{"start":{},"end":{}}],"line":10}},"s":{"0":1,"1":1,"2":6,"3":2,"4":4},"f":{"0":6},"b":{"0":[0],"1":[2,4]},"_coverageSchema":"1a1c01bbd47fc00a2c39e90264f33305004495a9","hash":"5aba06857ed5af66fa5f0aa39e97b56065ed929a"}
,"/hexlet_projects/frontend-project-46/src/formatters/plain.js": {"path":"/hexlet_projects/frontend-project-46/src/formatters/plain.js","statementMap":{"0":{"start":{"line":2,"column":2},"end":{"line":2,"column":35}},"1":{"start":{"line":2,"column":22},"end":{"line":2,"column":35}},"2":{"start":{"line":3,"column":2},"end":{"line":3,"column":57}},"3":{"start":{"line":3,"column":33},"end":{"line":3,"column":57}},"4":{"start":{"line":4,"column":2},"end":{"line":4,"column":52}},"5":{"start":{"line":4,"column":33},"end":{"line":4,"column":52}},"6":{"start":{"line":5,"column":2},"end":{"line":5,"column":22}},"7":{"start":{"line":9,"column":16},"end":{"line":25,"column":6}},"8":{"start":{"line":10,"column":20},"end":{"line":10,"column":45}},"9":{"start":{"line":12,"column":23},"end":{"line":12,"column":62}},"10":{"start":{"line":13,"column":6},"end":{"line":24,"column":7}},"11":{"start":{"line":15,"column":10},"end":{"line":15,"column":90}},"12":{"start":{"line":17,"column":10},"end":{"line":17,"column":53}},"13":{"start":{"line":19,"column":10},"end":{"line":19,"column":122}},"14":{"start":{"line":21,"column":10},"end":{"line":21,"column":47}},"15":{"start":{"line":23,"column":10},"end":{"line":23,"column":55}},"16":{"start":{"line":27,"column":2},"end":{"line":27,"column":25}}},"fnMap":{"0":{"name":"formatValue","decl":{"start":{"line":1,"column":9},"end":{"line":1,"column":20}},"loc":{"start":{"line":1,"column":28},"end":{"line":6,"column":1}},"line":1},"1":{"name":"plain","decl":{"start":{"line":8,"column":9},"end":{"line":8,"column":14}},"loc":{"start":{"line":8,"column":32},"end":{"line":28,"column":1}},"line":8},"2":{"name":"(anonymous_2)","decl":{"start":{"line":10,"column":12},"end":{"line":10,"column":13}},"loc":{"start":{"line":10,"column":20},"end":{"line":10,"column":45}},"line":10},"3":{"name":"(anonymous_3)","decl":{"start":{"line":11,"column":9},"end":{"line":11,"column":10}},"loc":{"start":{"line":11,"column":19},"end":{"line":25,"column":5}},"line":11}},"branchMap":{"0":{"loc":{"start":{"line":2,"column":2},"end":{"line":2,"column":35}},"type":"if","locations":[{"start":{"line":2,"column":2},"end":{"line":2,"column":35}},{"start":{},"end":{}}],"line":2},"1":{"loc":{"start":{"line":3,"column":2},"end":{"line":3,"column":57}},"type":"if","locations":[{"start":{"line":3,"column":2},"end":{"line":3,"column":57}},{"start":{},"end":{}}],"line":3},"2":{"loc":{"start":{"line":4,"column":2},"end":{"line":4,"column":52}},"type":"if","locations":[{"start":{"line":4,"column":2},"end":{"line":4,"column":52}},{"start":{},"end":{}}],"line":4},"3":{"loc":{"start":{"line":8,"column":21},"end":{"line":8,"column":30}},"type":"default-arg","locations":[{"start":{"line":8,"column":28},"end":{"line":8,"column":30}}],"line":8},"4":{"loc":{"start":{"line":12,"column":23},"end":{"line":12,"column":62}},"type":"cond-expr","locations":[{"start":{"line":12,"column":30},"end":{"line":12,"column":51}},{"start":{"line":12,"column":54},"end":{"line":12,"column":62}}],"line":12},"5":{"loc":{"start":{"line":13,"column":6},"end":{"line":24,"column":7}},"type":"switch","locations":[{"start":{"line":14,"column":8},"end":{"line":15,"column":90}},{"start":{"line":16,"column":8},"end":{"line":17,"column":53}},{"start":{"line":18,"column":8},"end":{"line":19,"column":122}},{"start":{"line":20,"column":8},"end":{"line":21,"column":47}},{"start":{"line":22,"column":8},"end":{"line":23,"column":55}}],"line":13}},"s":{"0":26,"1":2,"2":24,"3":6,"4":18,"5":14,"6":4,"7":10,"8":36,"9":30,"10":30,"11":10,"12":4,"13":8,"14":8,"15":0,"16":10},"f":{"0":26,"1":10,"2":36,"3":30},"b":{"0":[2,24],"1":[6,18],"2":[14,4],"3":[2],"4":[22,8],"5":[10,4,8,8,0]},"_coverageSchema":"1a1c01bbd47fc00a2c39e90264f33305004495a9","hash":"33c51515171452b7e1b7e17e283120899b13f43d"}
,"/hexlet_projects/frontend-project-46/src/formatters/stylish.js": {"path":"/hexlet_projects/frontend-project-46/src/formatters/stylish.js","statementMap":{"0":{"start":{"line":1,"column":21},"end":{"line":1,"column":74}},"1":{"start":{"line":1,"column":44},"end":{"line":1,"column":74}},"2":{"start":{"line":3,"column":27},"end":{"line":3,"column":82}},"3":{"start":{"line":3,"column":50},"end":{"line":3,"column":82}},"4":{"start":{"line":5,"column":18},"end":{"line":16,"column":1}},"5":{"start":{"line":6,"column":2},"end":{"line":6,"column":68}},"6":{"start":{"line":6,"column":49},"end":{"line":6,"column":68}},"7":{"start":{"line":8,"column":22},"end":{"line":8,"column":54}},"8":{"start":{"line":9,"column":24},"end":{"line":9,"column":50}},"9":{"start":{"line":11,"column":16},"end":{"line":13,"column":3}},"10":{"start":{"line":12,"column":20},"end":{"line":12,"column":80}},"11":{"start":{"line":15,"column":2},"end":{"line":15,"column":52}},"12":{"start":{"line":18,"column":16},"end":{"line":43,"column":1}},"13":{"start":{"line":19,"column":16},"end":{"line":40,"column":4}},"14":{"start":{"line":20,"column":63},"end":{"line":20,"column":67}},"15":{"start":{"line":21,"column":16},"end":{"line":21,"column":43}},"16":{"start":{"line":23,"column":4},"end":{"line":39,"column":5}},"17":{"start":{"line":25,"column":8},"end":{"line":25,"column":67}},"18":{"start":{"line":27,"column":8},"end":{"line":27,"column":67}},"19":{"start":{"line":29,"column":8},"end":{"line":32,"column":9}},"20":{"start":{"line":34,"column":8},"end":{"line":34,"column":67}},"21":{"start":{"line":36,"column":8},"end":{"line":36,"column":72}},"22":{"start":{"line":38,"column":8},"end":{"line":38,"column":48}},"23":{"start":{"line":42,"column":2},"end":{"line":42,"column":72}}},"fnMap":{"0":{"name":"(anonymous_0)","decl":{"start":{"line":1,"column":21},"end":{"line":1,"column":22}},"loc":{"start":{"line":1,"column":44},"end":{"line":1,"column":74}},"line":1},"1":{"name":"(anonymous_1)","decl":{"start":{"line":3,"column":27},"end":{"line":3,"column":28}},"loc":{"start":{"line":3,"column":50},"end":{"line":3,"column":82}},"line":3},"2":{"name":"(anonymous_2)","decl":{"start":{"line":5,"column":18},"end":{"line":5,"column":19}},"loc":{"start":{"line":5,"column":47},"end":{"line":16,"column":1}},"line":5},"3":{"name":"(anonymous_3)","decl":{"start":{"line":12,"column":4},"end":{"line":12,"column":5}},"loc":{"start":{"line":12,"column":20},"end":{"line":12,"column":80}},"line":12},"4":{"name":"(anonymous_4)","decl":{"start":{"line":18,"column":16},"end":{"line":18,"column":17}},"loc":{"start":{"line":18,"column":49},"end":{"line":43,"column":1}},"line":18},"5":{"name":"(anonymous_5)","decl":{"start":{"line":19,"column":29},"end":{"line":19,"column":30}},"loc":{"start":{"line":19,"column":39},"end":{"line":40,"column":3}},"line":19}},"branchMap":{"0":{"loc":{"start":{"line":1,"column":29},"end":{"line":1,"column":39}},"type":"default-arg","locations":[{"start":{"line":1,"column":38},"end":{"line":1,"column":39}}],"line":1},"1":{"loc":{"start":{"line":3,"column":35},"end":{"line":3,"column":45}},"type":"default-arg","locations":[{"start":{"line":3,"column":44},"end":{"line":3,"column":45}}],"line":3},"2":{"loc":{"start":{"line":5,"column":32},"end":{"line":5,"column":42}},"type":"default-arg","locations":[{"start":{"line":5,"column":41},"end":{"line":5,"column":42}}],"line":5},"3":{"loc":{"start":{"line":6,"column":2},"end":{"line":6,"column":68}},"type":"if","locations":[{"start":{"line":6,"column":2},"end":{"line":6,"column":68}},{"start":{},"end":{}}],"line":6},"4":{"loc":{"start":{"line":6,"column":6},"end":{"line":6,"column":47}},"type":"binary-expr","locations":[{"start":{"line":6,"column":6},"end":{"line":6,"column":30}},{"start":{"line":6,"column":34},"end":{"line":6,"column":47}}],"line":6},"5":{"loc":{"start":{"line":18,"column":23},"end":{"line":18,"column":32}},"type":"default-arg","locations":[{"start":{"line":18,"column":31},"end":{"line":18,"column":32}}],"line":18},"6":{"loc":{"start":{"line":18,"column":34},"end":{"line":18,"column":44}},"type":"default-arg","locations":[{"start":{"line":18,"column":43},"end":{"line":18,"column":44}}],"line":18},"7":{"loc":{"start":{"line":23,"column":4},"end":{"line":39,"column":5}},"type":"switch","locations":[{"start":{"line":24,"column":6},"end":{"line":25,"column":67}},{"start":{"line":26,"column":6},"end":{"line":27,"column":67}},{"start":{"line":28,"column":6},"end":{"line":32,"column":9}},{"start":{"line":33,"column":6},"end":{"line":34,"column":67}},{"start":{"line":35,"column":6},"end":{"line":36,"column":72}},{"start":{"line":37,"column":6},"end":{"line":38,"column":48}}],"line":23}},"s":{"0":1,"1":36,"2":1,"3":10,"4":1,"5":54,"6":40,"7":14,"8":14,"9":14,"10":18,"11":14,"12":1,"13":10,"14":36,"15":36,"16":36,"17":10,"18":4,"19":8,"20":6,"21":8,"22":0,"23":10},"f":{"0":36,"1":10,"2":54,"3":18,"4":10,"5":36},"b":{"0":[0],"1":[0],"2":[0],"3":[40,14],"4":[54,16],"5":[2],"6":[2],"7":[10,4,8,6,8,0]},"_coverageSchema":"1a1c01bbd47fc00a2c39e90264f33305004495a9","hash":"abc34fb3f77e9fdcb03d19940a96746eee547e66"}
}
