TN:
SF:src/buildDiff.js
FN:1,buildDiff
FNF:1
FNH:1
FNDA:20,buildDiff
DA:1,1
DA:2,20
DA:3,20
DA:4,20
DA:5,72
DA:6,20
DA:7,20
DA:8,72
DA:9,8
DA:10,8
DA:11,72
DA:12,72
DA:13,16
DA:14,16
DA:15,72
DA:16,16
DA:17,16
DA:18,12
DA:19,20
DA:20,20
DA:21,1
DA:22,1
LF:22
LH:22
BRDA:1,0,0,20
BRDA:4,1,0,72
BRDA:5,2,0,20
BRDA:7,3,0,52
BRDA:8,4,0,8
BRDA:10,5,0,44
BRDA:11,6,0,20
BRDA:12,7,0,20
BRDA:12,8,0,16
BRDA:12,9,0,16
BRDA:14,10,0,28
BRDA:15,11,0,16
BRDA:17,12,0,12
BRF:13
BRH:13
end_of_record
TN:
SF:src/index.js
FN:5,genDiff
FNF:1
FNH:1
FNDA:4,genDiff
DA:1,1
DA:2,1
DA:3,1
DA:4,1
DA:5,4
DA:6,4
DA:7,4
DA:8,4
DA:9,4
DA:10,1
DA:11,1
DA:12,1
LF:12
LH:12
BRDA:5,0,0,4
BRF:1
BRH:1
end_of_record
TN:
SF:src/parsers.js
FN:5,parseFile
FNF:1
FNH:1
FNDA:8,parseFile
DA:1,1
DA:2,1
DA:3,1
DA:4,1
DA:5,1
DA:6,8
DA:7,8
DA:8,8
DA:9,8
DA:10,8
DA:11,8
DA:12,4
DA:13,8
DA:14,8
DA:15,4
DA:16,8
DA:17,0
DA:18,8
DA:19,8
DA:20,1
DA:21,1
LF:21
LH:20
BRDA:5,0,0,8
BRDA:11,1,0,4
BRDA:13,2,0,0
BRDA:14,3,0,4
BRDA:16,4,0,0
BRF:5
BRH:3
end_of_record
TN:
SF:src/formatters/index.js
FN:9,format
FNF:1
FNH:1
FNDA:4,format
DA:1,1
DA:2,1
DA:3,1
DA:4,1
DA:5,1
DA:6,1
DA:7,1
DA:8,1
DA:9,1
DA:10,4
DA:11,0
DA:12,0
DA:13,4
DA:14,4
DA:15,1
DA:16,1
LF:16
LH:14
BRDA:9,0,0,4
BRDA:10,1,0,0
BRF:2
BRH:1
end_of_record
TN:
SF:src/formatters/plain.js
FN:1,formatValue
FN:8,plain
FNF:2
FNH:2
FNDA:26,formatValue
FNDA:10,plain
DA:1,26
DA:2,26
DA:3,26
DA:4,26
DA:5,4
DA:6,1
DA:7,1
DA:8,10
DA:9,10
DA:10,10
DA:11,10
DA:12,30
DA:13,30
DA:14,30
DA:15,10
DA:16,30
DA:17,4
DA:18,30
DA:19,8
DA:20,30
DA:21,8
DA:22,30
DA:23,0
DA:24,30
DA:25,10
DA:26,10
DA:27,10
DA:28,1
DA:29,1
DA:30,1
LF:30
LH:29
BRDA:1,0,0,26
BRDA:2,1,0,2
BRDA:2,2,0,24
BRDA:3,3,0,6
BRDA:3,4,0,18
BRDA:4,5,0,14
BRDA:4,6,0,4
BRDA:8,7,0,10
BRDA:10,8,0,36
BRDA:11,9,0,30
BRDA:12,10,0,22
BRDA:12,11,0,8
BRDA:14,12,0,10
BRDA:16,13,0,4
BRDA:18,14,0,8
BRDA:20,15,0,8
BRDA:22,16,0,0
BRF:17
BRH:16
end_of_record
TN:
SF:src/formatters/stylish.js
FN:1,markerIndent
FN:3,blockClosingIndent
FN:5,stringify
FN:18,stylish
FNF:4
FNH:4
FNDA:36,markerIndent
FNDA:10,blockClosingIndent
FNDA:54,stringify
FNDA:10,stylish
DA:1,1
DA:2,1
DA:3,1
DA:4,1
DA:5,1
DA:6,54
DA:7,14
DA:8,14
DA:9,14
DA:10,14
DA:11,14
DA:12,14
DA:13,14
DA:14,14
DA:15,14
DA:16,14
DA:17,1
DA:18,1
DA:19,10
DA:20,36
DA:21,36
DA:22,36
DA:23,36
DA:24,36
DA:25,10
DA:26,36
DA:27,4
DA:28,36
DA:29,8
DA:30,8
DA:31,8
DA:32,8
DA:33,36
DA:34,6
DA:35,36
DA:36,8
DA:37,36
DA:38,0
DA:39,36
DA:40,10
DA:41,10
DA:42,10
DA:43,10
DA:44,1
DA:45,1
LF:45
LH:44
BRDA:1,0,0,36
BRDA:3,1,0,10
BRDA:5,2,0,54
BRDA:6,3,0,16
BRDA:6,4,0,40
BRDA:6,5,0,14
BRDA:12,6,0,18
BRDA:18,7,0,10
BRDA:19,8,0,36
BRDA:24,9,0,10
BRDA:26,10,0,4
BRDA:28,11,0,8
BRDA:33,12,0,6
BRDA:35,13,0,8
BRDA:37,14,0,0
BRF:15
BRH:14
end_of_record
