TN:
SF:src/buildDiff.js
FN:1,buildDiff
FNF:1
FNH:1
FNDA:30,buildDiff
DA:1,1
DA:2,30
DA:3,30
DA:4,30
DA:5,108
DA:6,30
DA:7,30
DA:8,108
DA:9,12
DA:10,12
DA:11,108
DA:12,108
DA:13,24
DA:14,24
DA:15,108
DA:16,24
DA:17,24
DA:18,18
DA:19,30
DA:20,30
DA:21,1
DA:22,1
LF:22
LH:22
BRDA:1,0,0,30
BRDA:4,1,0,108
BRDA:5,2,0,30
BRDA:7,3,0,78
BRDA:8,4,0,12
BRDA:10,5,0,66
BRDA:11,6,0,30
BRDA:12,7,0,30
BRDA:12,8,0,24
BRDA:12,9,0,24
BRDA:14,10,0,42
BRDA:15,11,0,24
BRDA:17,12,0,18
BRF:13
BRH:13
end_of_record
TN:
SF:src/index.js
FN:5,genDiff
FNF:1
FNH:1
FNDA:6,genDiff
DA:1,1
DA:2,1
DA:3,1
DA:4,1
DA:5,6
DA:6,6
DA:7,6
DA:8,6
DA:9,6
DA:10,1
DA:11,1
DA:12,1
LF:12
LH:12
BRDA:5,0,0,6
BRF:1
BRH:1
end_of_record
TN:
SF:src/parsers.js
FN:5,parseFile
FNF:1
FNH:1
FNDA:12,parseFile
DA:1,1
DA:2,1
DA:3,1
DA:4,1
DA:5,1
DA:6,12
DA:7,12
DA:8,12
DA:9,12
DA:10,12
DA:11,6
DA:12,12
DA:13,12
DA:14,6
DA:15,12
DA:16,0
DA:17,12
DA:18,12
DA:19,1
DA:20,1
LF:20
LH:19
BRDA:5,0,0,12
BRDA:10,1,0,6
BRDA:12,2,0,0
BRDA:13,3,0,6
BRDA:15,4,0,0
BRF:5
BRH:3
end_of_record
TN:
SF:src/formatters/index.js
FN:9,format
FNF:1
FNH:1
FNDA:6,format
DA:1,1
DA:2,1
DA:3,1
DA:4,1
DA:5,1
DA:6,1
DA:7,1
DA:8,1
DA:9,1
DA:10,6
DA:11,2
DA:12,2
DA:13,4
DA:14,4
DA:15,1
DA:16,1
LF:16
LH:16
BRDA:9,0,0,6
BRDA:10,1,0,2
BRDA:12,2,0,4
BRF:3
BRH:3
end_of_record
TN:
SF:src/formatters/plain.js
FN:1,formatValue
FN:8,plain
FNF:2
FNH:2
FNDA:26,formatValue
FNDA:10,plain
DA:1,26
DA:2,26
DA:3,26
DA:4,26
DA:5,4
DA:6,1
DA:7,1
DA:8,10
DA:9,10
DA:10,10
DA:11,10
DA:12,30
DA:13,30
DA:14,30
DA:15,10
DA:16,30
DA:17,4
DA:18,30
DA:19,8
DA:20,30
DA:21,8
DA:22,30
DA:23,0
DA:24,30
DA:25,10
DA:26,10
DA:27,10
DA:28,1
DA:29,1
DA:30,1
LF:30
LH:29
BRDA:1,0,0,26
BRDA:2,1,0,2
BRDA:3,2,0,24
BRDA:3,3,0,6
BRDA:4,4,0,18
BRDA:4,5,0,14
BRDA:5,6,0,4
BRDA:8,7,0,10
BRDA:10,8,0,36
BRDA:11,9,0,30
BRDA:12,10,0,22
BRDA:12,11,0,8
BRDA:14,12,0,10
BRDA:16,13,0,4
BRDA:18,14,0,8
BRDA:20,15,0,8
BRDA:22,16,0,0
BRF:17
BRH:16
end_of_record
TN:
SF:src/formatters/stylish.js
FN:1,markerIndent
FN:3,blockClosingIndent
FN:5,stringify
FN:18,stylish
FNF:4
FNH:4
FNDA:36,markerIndent
FNDA:10,blockClosingIndent
FNDA:54,stringify
FNDA:10,stylish
DA:1,1
DA:2,1
DA:3,1
DA:4,1
DA:5,1
DA:6,54
DA:7,14
DA:8,14
DA:9,14
DA:10,14
DA:11,14
DA:12,14
DA:13,14
DA:14,14
DA:15,14
DA:16,14
DA:17,1
DA:18,1
DA:19,10
DA:20,36
DA:21,36
DA:22,36
DA:23,36
DA:24,36
DA:25,10
DA:26,36
DA:27,4
DA:28,36
DA:29,8
DA:30,8
DA:31,8
DA:32,8
DA:33,36
DA:34,6
DA:35,36
DA:36,8
DA:37,36
DA:38,0
DA:39,36
DA:40,10
DA:41,10
DA:42,10
DA:43,10
DA:44,1
DA:45,1
LF:45
LH:44
BRDA:1,0,0,36
BRDA:3,1,0,10
BRDA:5,2,0,54
BRDA:6,3,0,16
BRDA:6,4,0,40
BRDA:7,5,0,14
BRDA:12,6,0,18
BRDA:18,7,0,10
BRDA:19,8,0,36
BRDA:24,9,0,10
BRDA:26,10,0,4
BRDA:28,11,0,8
BRDA:33,12,0,6
BRDA:35,13,0,8
BRDA:37,14,0,0
BRF:15
BRH:14
end_of_record
